<?xml version="1.0" encoding="UTF-8"?>
<!-- Generated by org.testng.reporters.JUnitReportReporter -->
<testsuite skipped="0" hostname="LAPTOP-54VNB7BN" name="com.testng.Simple_Annotations" tests="3" failures="0" timestamp="2022-03-29T10:39:33 IST" time="0.010" errors="0">
  <testcase name="women" time="0.001" classname="com.testng.Simple_Annotations"/>
  <system-out/>
  <testcase name="dresses" time="0.006" classname="com.testng.Simple_Annotations"/>
  <system-out/>
  <testcase name="tShirts" time="0.003" classname="com.testng.Simple_Annotations"/>
  <system-out/>
</testsuite> <!-- com.testng.Simple_Annotations -->
